#
# There is insufficient memory for the Java Runtime Environment to continue.
# Native memory allocation (malloc) failed to allocate 572816 bytes for Chunk::new
# Possible reasons:
#   The system is out of physical RAM or swap space
#   The process is running with CompressedOops enabled, and the Java Heap may be blocking the growth of the native heap
# Possible solutions:
#   Reduce memory load on the system
#   Increase physical memory or swap space
#   Check if swap backing store is full
#   Decrease Java heap size (-Xmx/-Xms)
#   Decrease number of Java threads
#   Decrease Java thread stack sizes (-Xss)
#   Set larger code cache with -XX:ReservedCodeCacheSize=
#   JVM is running with Zero Based Compressed Oops mode in which the Java heap is
#     placed in the first 32GB address space. The Java Heap base address is the
#     maximum limit for the native heap growth. Please use -XX:HeapBaseMinAddress
#     to set the Java Heap base and to place the Java Heap above 32GB virtual address.
# This output file may be truncated or incomplete.
#
#  Out of Memory Error (allocation.cpp:389), pid=18060, tid=0x0000000000004264
#
# JRE version: OpenJDK Runtime Environment (8.0_212-b04) (build 1.8.0_212-b04)
# Java VM: OpenJDK 64-Bit Server VM (25.212-b04 mixed mode windows-amd64 compressed oops)
# Failed to write core dump. Minidumps are not enabled by default on client versions of Windows
#

---------------  T H R E A D  ---------------

Current thread (0x000000001e9cf000):  JavaThread "C2 CompilerThread2" daemon [_thread_in_native, id=16996, stack(0x000000001f770000,0x000000001f870000)]

Stack: [0x000000001f770000,0x000000001f870000]
[error occurred during error reporting (printing stack bounds), id 0xc0000005]

Native frames: (J=compiled Java code, j=interpreted, Vv=VM code, C=native code)


Current CompileTask:
C2:  23417 4583       4       java.lang.Class::getMethod0 (40 bytes)


---------------  P R O C E S S  ---------------

Java Threads: ( => current thread )
  0x0000000024fd8800 JavaThread "CleanCursors-1-thread-1" daemon [_thread_blocked, id=16116, stack(0x0000000029b50000,0x0000000029c50000)]
  0x00000000209d7800 JavaThread "cluster-ClusterId{value='5df43c98034498468c4cc8b2', description='null'}-cluster0-shard-00-01-d6ylp.mongodb.net:27017" daemon [_thread_blocked, id=18740, stack(0x0000000029a50000,0x0000000029b50000)]
  0x0000000020059800 JavaThread "cluster-ClusterId{value='5df43c98034498468c4cc8b2', description='null'}-cluster0-shard-00-00-d6ylp.mongodb.net:27017" daemon [_thread_blocked, id=15664, stack(0x0000000029950000,0x0000000029a50000)]
  0x0000000027801800 JavaThread "cluster-ClusterId{value='5df43c98034498468c4cc8b2', description='null'}-cluster0-shard-00-02-d6ylp.mongodb.net:27017" daemon [_thread_blocked, id=8240, stack(0x00000000286d0000,0x00000000287d0000)]
  0x0000000027b79800 JavaThread "Thread-2" daemon [_thread_in_native, id=9996, stack(0x0000000027120000,0x0000000027220000)]
  0x00000000206c0800 JavaThread "container-0" [_thread_blocked, id=12968, stack(0x0000000025b80000,0x0000000025c80000)]
  0x0000000029056800 JavaThread "Catalina-utility-2" [_thread_blocked, id=9252, stack(0x0000000025830000,0x0000000025930000)]
  0x000000001fdc5000 JavaThread "Catalina-utility-1" [_thread_blocked, id=19180, stack(0x0000000021480000,0x0000000021580000)]
  0x000000001ea1c800 JavaThread "Service Thread" daemon [_thread_blocked, id=4488, stack(0x000000001f970000,0x000000001fa70000)]
  0x000000001e9cf800 JavaThread "C1 CompilerThread3" daemon [_thread_blocked, id=4428, stack(0x000000001f870000,0x000000001f970000)]
=>0x000000001e9cf000 JavaThread "C2 CompilerThread2" daemon [_thread_in_native, id=16996, stack(0x000000001f770000,0x000000001f870000)]
  0x000000001e9ce000 JavaThread "C2 CompilerThread1" daemon [_thread_in_native, id=16552, stack(0x000000001f670000,0x000000001f770000)]
  0x000000001e9ca800 JavaThread "C2 CompilerThread0" daemon [_thread_in_native, id=10624, stack(0x000000001f570000,0x000000001f670000)]
  0x000000001e9b9800 JavaThread "JDWP Command Reader" daemon [_thread_in_native, id=6308, stack(0x000000001f470000,0x000000001f570000)]
  0x000000001e9b5800 JavaThread "JDWP Event Helper Thread" daemon [_thread_blocked, id=19248, stack(0x000000001f370000,0x000000001f470000)]
  0x000000001e9a7800 JavaThread "JDWP Transport Listener: dt_socket" daemon [_thread_blocked, id=3444, stack(0x000000001f270000,0x000000001f370000)]
  0x000000001e99e000 JavaThread "Attach Listener" daemon [_thread_blocked, id=15680, stack(0x000000001f170000,0x000000001f270000)]
  0x000000001cb9d800 JavaThread "Signal Dispatcher" daemon [_thread_blocked, id=14624, stack(0x000000001f070000,0x000000001f170000)]
  0x000000001cb91000 JavaThread "Finalizer" daemon [_thread_blocked, id=9888, stack(0x000000001ee70000,0x000000001ef70000)]
  0x00000000030ee000 JavaThread "Reference Handler" daemon [_thread_blocked, id=16744, stack(0x000000001ed70000,0x000000001ee70000)]
  0x0000000002ff5800 JavaThread "main" [_thread_in_native, id=16164, stack(0x0000000002ef0000,0x0000000002ff0000)]

Other Threads:
  0x000000001cb85800 VMThread [stack: 0x000000001e870000,0x000000001e970000] [id=18400]
  0x000000001ea21000 WatcherThread [stack: 0x000000001fa70000,0x000000001fb70000] [id=2588]

VM state:not at safepoint (normal execution)

VM Mutex/Monitor currently owned by a thread: None

heap address: 0x00000006c0e00000, size: 4082 MB, Compressed Oops mode: Zero based, Oop shift amount: 3
Narrow klass base: 0x0000000000000000, Narrow klass shift: 3
Compressed class space size: 1073741824 Address: 0x00000007c0000000

Heap:
 PSYoungGen      total 104960K, used 33660K [0x000000076af80000, 0x0000000773900000, 0x00000007c0000000)
  eden space 94720K, 24% used [0x000000076af80000,0x000000076c68a5b8,0x0000000770c00000)
  from space 10240K, 98% used [0x0000000772f00000,0x00000007738d4b70,0x0000000773900000)
  to   space 12288K, 0% used [0x0000000772100000,0x0000000772100000,0x0000000772d00000)
 ParOldGen       total 113664K, used 13082K [0x00000006c0e00000, 0x00000006c7d00000, 0x000000076af80000)
  object space 113664K, 11% used [0x00000006c0e00000,0x00000006c1ac6bf8,0x00000006c7d00000)
 Metaspace       used 44221K, capacity 46326K, committed 46424K, reserved 1089536K
  class space    used 5576K, capacity 5954K, committed 6016K, reserved 1048576K

Card table byte_map: [0x00000000124b0000,0x0000000012cb0000] byte_map_base: 0x000000000eea9000

Marking Bits: (ParMarkBitMap*) 0x0000000076e9ef40
 Begin Bits: [0x0000000013a10000, 0x00000000179d8000)
 End Bits:   [0x00000000179d8000, 0x000000001b9a0000)

Polling page: 0x00000000014e0000

CodeCache: size=245760Kb used=14476Kb max_used=14476Kb free=231283Kb
 bounds [0x00000000030f0000, 0x0000000003f30000, 0x00000000120f0000]
 total_blobs=4400 nmethods=3940 adapters=380
 compilation: enabled

Compilation events (10 events):
Event: 23.339 Thread 0x000000001e9cf800 4580   !   3       com.sun.proxy.$Proxy16::annotationType (29 bytes)
Event: 23.339 Thread 0x000000001e9cf800 nmethod 4580 0x0000000003d20550 code [0x0000000003d206e0, 0x0000000003d20b78]
Event: 23.340 Thread 0x000000001e9cf800 4578   !   3       com.sun.proxy.$Proxy9::hashCode (32 bytes)
Event: 23.340 Thread 0x000000001e9cf800 nmethod 4578 0x0000000003d1fbd0 code [0x0000000003d1fd80, 0x0000000003d202d8]
Event: 23.340 Thread 0x000000001e9ce000 4581       4       java.lang.Class::privateGetMethodRecursive (130 bytes)
Event: 23.343 Thread 0x000000001e9cf800 4582   !   3       com.sun.proxy.$Proxy29::hashCode (32 bytes)
Event: 23.343 Thread 0x000000001e9cf800 nmethod 4582 0x0000000003f212d0 code [0x0000000003f21480, 0x0000000003f219d8]
Event: 23.343 Thread 0x000000001e9cf000 4583       4       java.lang.Class::getMethod0 (40 bytes)
Event: 23.364 Thread 0x000000001e9cf800 4584       3       org.springframework.beans.factory.support.AbstractBeanDefinition::getResolvedAutowireMode (59 bytes)
Event: 23.365 Thread 0x000000001e9cf800 nmethod 4584 0x0000000003f207d0 code [0x0000000003f209a0, 0x0000000003f20fc8]

GC Heap History (10 events):
Event: 14.006 GC heap before
{Heap before GC invocations=4 (full 1):
 PSYoungGen      total 76288K, used 65536K [0x000000076af80000, 0x0000000770480000, 0x00000007c0000000)
  eden space 65536K, 100% used [0x000000076af80000,0x000000076ef80000,0x000000076ef80000)
  from space 10752K, 0% used [0x000000076fa00000,0x000000076fa00000,0x0000000770480000)
  to   space 10752K, 0% used [0x000000076ef80000,0x000000076ef80000,0x000000076fa00000)
 ParOldGen       total 75264K, used 9322K [0x00000006c0e00000, 0x00000006c5780000, 0x000000076af80000)
  object space 75264K, 12% used [0x00000006c0e00000,0x00000006c171ab80,0x00000006c5780000)
 Metaspace       used 26266K, capacity 27236K, committed 27392K, reserved 1073152K
  class space    used 3270K, capacity 3473K, committed 3584K, reserved 1048576K
Event: 14.021 GC heap after
Heap after GC invocations=4 (full 1):
 PSYoungGen      total 76288K, used 8291K [0x000000076af80000, 0x0000000770480000, 0x00000007c0000000)
  eden space 65536K, 0% used [0x000000076af80000,0x000000076af80000,0x000000076ef80000)
  from space 10752K, 77% used [0x000000076ef80000,0x000000076f798df0,0x000000076fa00000)
  to   space 10752K, 0% used [0x000000076fa00000,0x000000076fa00000,0x0000000770480000)
 ParOldGen       total 75264K, used 9394K [0x00000006c0e00000, 0x00000006c5780000, 0x000000076af80000)
  object space 75264K, 12% used [0x00000006c0e00000,0x00000006c172cb90,0x00000006c5780000)
 Metaspace       used 26266K, capacity 27236K, committed 27392K, reserved 1073152K
  class space    used 3270K, capacity 3473K, committed 3584K, reserved 1048576K
}
Event: 15.986 GC heap before
{Heap before GC invocations=5 (full 1):
 PSYoungGen      total 76288K, used 73827K [0x000000076af80000, 0x0000000770480000, 0x00000007c0000000)
  eden space 65536K, 100% used [0x000000076af80000,0x000000076ef80000,0x000000076ef80000)
  from space 10752K, 77% used [0x000000076ef80000,0x000000076f798df0,0x000000076fa00000)
  to   space 10752K, 0% used [0x000000076fa00000,0x000000076fa00000,0x0000000770480000)
 ParOldGen       total 75264K, used 9394K [0x00000006c0e00000, 0x00000006c5780000, 0x000000076af80000)
  object space 75264K, 12% used [0x00000006c0e00000,0x00000006c172cb90,0x00000006c5780000)
 Metaspace       used 32834K, capacity 34264K, committed 34560K, reserved 1079296K
  class space    used 4065K, capacity 4349K, committed 4352K, reserved 1048576K
Event: 15.994 GC heap after
Heap after GC invocations=5 (full 1):
 PSYoungGen      total 76288K, used 10726K [0x000000076af80000, 0x0000000770480000, 0x00000007c0000000)
  eden space 65536K, 0% used [0x000000076af80000,0x000000076af80000,0x000000076ef80000)
  from space 10752K, 99% used [0x000000076fa00000,0x0000000770479900,0x0000000770480000)
  to   space 10752K, 0% used [0x000000076ef80000,0x000000076ef80000,0x000000076fa00000)
 ParOldGen       total 75264K, used 10625K [0x00000006c0e00000, 0x00000006c5780000, 0x000000076af80000)
  object space 75264K, 14% used [0x00000006c0e00000,0x00000006c1860468,0x00000006c5780000)
 Metaspace       used 32834K, capacity 34264K, committed 34560K, reserved 1079296K
  class space    used 4065K, capacity 4349K, committed 4352K, reserved 1048576K
}
Event: 16.283 GC heap before
{Heap before GC invocations=6 (full 1):
 PSYoungGen      total 76288K, used 26300K [0x000000076af80000, 0x0000000770480000, 0x00000007c0000000)
  eden space 65536K, 23% used [0x000000076af80000,0x000000076beb58d8,0x000000076ef80000)
  from space 10752K, 99% used [0x000000076fa00000,0x0000000770479900,0x0000000770480000)
  to   space 10752K, 0% used [0x000000076ef80000,0x000000076ef80000,0x000000076fa00000)
 ParOldGen       total 75264K, used 10625K [0x00000006c0e00000, 0x00000006c5780000, 0x000000076af80000)
  object space 75264K, 14% used [0x00000006c0e00000,0x00000006c1860468,0x00000006c5780000)
 Metaspace       used 33716K, capacity 35296K, committed 35416K, reserved 1081344K
  class space    used 4174K, capacity 4463K, committed 4480K, reserved 1048576K
Event: 16.291 GC heap after
Heap after GC invocations=6 (full 1):
 PSYoungGen      total 76288K, used 9094K [0x000000076af80000, 0x0000000773b00000, 0x00000007c0000000)
  eden space 65536K, 0% used [0x000000076af80000,0x000000076af80000,0x000000076ef80000)
  from space 10752K, 84% used [0x000000076ef80000,0x000000076f861a40,0x000000076fa00000)
  to   space 12288K, 0% used [0x0000000772f00000,0x0000000772f00000,0x0000000773b00000)
 ParOldGen       total 75264K, used 10633K [0x00000006c0e00000, 0x00000006c5780000, 0x000000076af80000)
  object space 75264K, 14% used [0x00000006c0e00000,0x00000006c1862468,0x00000006c5780000)
 Metaspace       used 33716K, capacity 35296K, committed 35416K, reserved 1081344K
  class space    used 4174K, capacity 4463K, committed 4480K, reserved 1048576K
}
Event: 16.291 GC heap before
{Heap before GC invocations=7 (full 2):
 PSYoungGen      total 76288K, used 9094K [0x000000076af80000, 0x0000000773b00000, 0x00000007c0000000)
  eden space 65536K, 0% used [0x000000076af80000,0x000000076af80000,0x000000076ef80000)
  from space 10752K, 84% used [0x000000076ef80000,0x000000076f861a40,0x000000076fa00000)
  to   space 12288K, 0% used [0x0000000772f00000,0x0000000772f00000,0x0000000773b00000)
 ParOldGen       total 75264K, used 10633K [0x00000006c0e00000, 0x00000006c5780000, 0x000000076af80000)
  object space 75264K, 14% used [0x00000006c0e00000,0x00000006c1862468,0x00000006c5780000)
 Metaspace       used 33716K, capacity 35296K, committed 35416K, reserved 1081344K
  class space    used 4174K, capacity 4463K, committed 4480K, reserved 1048576K
Event: 16.354 GC heap after
Heap after GC invocations=7 (full 2):
 PSYoungGen      total 76288K, used 0K [0x000000076af80000, 0x0000000773b00000, 0x00000007c0000000)
  eden space 65536K, 0% used [0x000000076af80000,0x000000076af80000,0x000000076ef80000)
  from space 10752K, 0% used [0x000000076ef80000,0x000000076ef80000,0x000000076fa00000)
  to   space 12288K, 0% used [0x0000000772f00000,0x0000000772f00000,0x0000000773b00000)
 ParOldGen       total 113664K, used 13074K [0x00000006c0e00000, 0x00000006c7d00000, 0x000000076af80000)
  object space 113664K, 11% used [0x00000006c0e00000,0x00000006c1ac4bf8,0x00000006c7d00000)
 Metaspace       used 33716K, capacity 35296K, committed 35416K, reserved 1081344K
  class space    used 4174K, capacity 4463K, committed 4480K, reserved 1048576K
}
Event: 22.747 GC heap before
{Heap before GC invocations=8 (full 2):
 PSYoungGen      total 76288K, used 65536K [0x000000076af80000, 0x0000000773b00000, 0x00000007c0000000)
  eden space 65536K, 100% used [0x000000076af80000,0x000000076ef80000,0x000000076ef80000)
  from space 10752K, 0% used [0x000000076ef80000,0x000000076ef80000,0x000000076fa00000)
  to   space 12288K, 0% used [0x0000000772f00000,0x0000000772f00000,0x0000000773b00000)
 ParOldGen       total 113664K, used 13074K [0x00000006c0e00000, 0x00000006c7d00000, 0x000000076af80000)
  object space 113664K, 11% used [0x00000006c0e00000,0x00000006c1ac4bf8,0x00000006c7d00000)
 Metaspace       used 42634K, capacity 44698K, committed 44888K, reserved 1089536K
  class space    used 5333K, capacity 5704K, committed 5760K, reserved 1048576K
Event: 22.764 GC heap after
Heap after GC invocations=8 (full 2):
 PSYoungGen      total 104960K, used 10066K [0x000000076af80000, 0x0000000773900000, 0x00000007c0000000)
  eden space 94720K, 0% used [0x000000076af80000,0x000000076af80000,0x0000000770c00000)
  from space 10240K, 98% used [0x0000000772f00000,0x00000007738d4b70,0x0000000773900000)
  to   space 12288K, 0% used [0x0000000772100000,0x0000000772100000,0x0000000772d00000)
 ParOldGen       total 113664K, used 13082K [0x00000006c0e00000, 0x00000006c7d00000, 0x000000076af80000)
  object space 113664K, 11% used [0x00000006c0e00000,0x00000006c1ac6bf8,0x00000006c7d00000)
 Metaspace       used 42634K, capacity 44698K, committed 44888K, reserved 1089536K
  class space    used 5333K, capacity 5704K, committed 5760K, reserved 1048576K
}

Deoptimization events (10 events):
Event: 22.300 Thread 0x0000000002ff5800 Uncommon trap: reason=unstable_if action=reinterpret pc=0x00000000039bdcc4 method=java.util.regex.Pattern$Branch.match(Ljava/util/regex/Matcher;ILjava/lang/CharSequence;)Z @ 35
Event: 22.324 Thread 0x0000000002ff5800 Uncommon trap: reason=array_check action=maybe_recompile pc=0x0000000003e16cfc method=java.util.AbstractCollection.toArray([Ljava/lang/Object;)[Ljava/lang/Object; @ 119
Event: 22.324 Thread 0x0000000002ff5800 Uncommon trap: reason=array_check action=maybe_recompile pc=0x0000000003e16cfc method=java.util.AbstractCollection.toArray([Ljava/lang/Object;)[Ljava/lang/Object; @ 119
Event: 22.324 Thread 0x0000000002ff5800 Uncommon trap: reason=array_check action=maybe_recompile pc=0x0000000003e16cfc method=java.util.AbstractCollection.toArray([Ljava/lang/Object;)[Ljava/lang/Object; @ 119
Event: 22.324 Thread 0x0000000002ff5800 Uncommon trap: reason=array_check action=maybe_recompile pc=0x0000000003e16cfc method=java.util.AbstractCollection.toArray([Ljava/lang/Object;)[Ljava/lang/Object; @ 119
Event: 22.324 Thread 0x0000000002ff5800 Uncommon trap: reason=class_check action=maybe_recompile pc=0x0000000003bd8f9c method=org.springframework.beans.factory.support.AbstractBeanFactory.isTypeMatch(Ljava/lang/String;Lorg/springframework/core/ResolvableType;)Z @ 47
Event: 22.325 Thread 0x0000000002ff5800 Uncommon trap: reason=class_check action=maybe_recompile pc=0x0000000003bd8f9c method=org.springframework.beans.factory.support.AbstractBeanFactory.isTypeMatch(Ljava/lang/String;Lorg/springframework/core/ResolvableType;)Z @ 47
Event: 22.366 Thread 0x0000000002ff5800 Uncommon trap: reason=class_check action=maybe_recompile pc=0x0000000003bd8f9c method=org.springframework.beans.factory.support.AbstractBeanFactory.isTypeMatch(Ljava/lang/String;Lorg/springframework/core/ResolvableType;)Z @ 47
Event: 22.368 Thread 0x0000000002ff5800 Uncommon trap: reason=class_check action=maybe_recompile pc=0x0000000003bd8f9c method=org.springframework.beans.factory.support.AbstractBeanFactory.isTypeMatch(Ljava/lang/String;Lorg/springframework/core/ResolvableType;)Z @ 47
Event: 23.005 Thread 0x0000000002ff5800 Uncommon trap: reason=unstable_if action=reinterpret pc=0x0000000003e17508 method=org.springframework.core.BridgeMethodResolver.isVisibilityBridgeMethodPair(Ljava/lang/reflect/Method;Ljava/lang/reflect/Method;)Z @ 32

Classes redefined (0 events):
No events

Internal exceptions (10 events):
Event: 22.642 Thread 0x0000000002ff5800 Exception <a 'java/lang/ClassNotFoundException': java/lang/ObjectCustomizer> (0x000000076ebc7e50) thrown at [D:\builds\corretto8\u212\installers\windows\images\corretto-build\buildRoot\src\hotspot\src\share\vm\classfile\systemDictionary.cpp, line 210]
Event: 22.643 Thread 0x0000000002ff5800 Exception <a 'java/lang/ClassNotFoundException': org/springframework/security/config/annotation/web/configuration/WebSecurityConfigurationCustomizer> (0x000000076ebe40e0) thrown at [D:\builds\corretto8\u212\installers\windows\images\corretto-build\buildRo
Event: 22.646 Thread 0x0000000002ff5800 Exception <a 'java/lang/ClassNotFoundException': org/springframework/security/config/annotation/web/configuration/WebSecurityConfiguration$$EnhancerBySpringCGLIB$$91593d15Customizer> (0x000000076ec0f2e0) thrown at [D:\builds\corretto8\u212\installers\wind
Event: 22.650 Thread 0x0000000002ff5800 Exception <a 'java/lang/ClassNotFoundException': org/springframework/context/annotation/ConfigurationClassEnhancer$EnhancedConfigurationCustomizer> (0x000000076ec334c8) thrown at [D:\builds\corretto8\u212\installers\windows\images\corretto-build\buildRoot
Event: 22.651 Thread 0x0000000002ff5800 Exception <a 'java/lang/ClassNotFoundException': org/springframework/beans/factory/BeanFactoryAwareCustomizer> (0x000000076ec445a0) thrown at [D:\builds\corretto8\u212\installers\windows\images\corretto-build\buildRoot\src\hotspot\src\share\vm\classfile\s
Event: 22.666 Thread 0x0000000002ff5800 Exception <a 'java/lang/ClassNotFoundException': org/springframework/beans/factory/AwareCustomizer> (0x000000076ec547a8) thrown at [D:\builds\corretto8\u212\installers\windows\images\corretto-build\buildRoot\src\hotspot\src\share\vm\classfile\systemDictio
Event: 22.666 Thread 0x0000000002ff5800 Exception <a 'java/lang/ClassNotFoundException': org/springframework/context/annotation/ImportAwareCustomizer> (0x000000076ec65710) thrown at [D:\builds\corretto8\u212\installers\windows\images\corretto-build\buildRoot\src\hotspot\src\share\vm\classfile\s
Event: 22.667 Thread 0x0000000002ff5800 Exception <a 'java/lang/ClassNotFoundException': org/springframework/beans/factory/AwareCustomizer> (0x000000076ec753d8) thrown at [D:\builds\corretto8\u212\installers\windows\images\corretto-build\buildRoot\src\hotspot\src\share\vm\classfile\systemDictio
Event: 22.667 Thread 0x0000000002ff5800 Exception <a 'java/lang/ClassNotFoundException': org/springframework/beans/factory/BeanClassLoaderAwareCustomizer> (0x000000076ec86e88) thrown at [D:\builds\corretto8\u212\installers\windows\images\corretto-build\buildRoot\src\hotspot\src\share\vm\classfi
Event: 22.668 Thread 0x0000000002ff5800 Exception <a 'java/lang/ClassNotFoundException': org/springframework/beans/factory/AwareCustomizer> (0x000000076ec96b30) thrown at [D:\builds\corretto8\u212\installers\windows\images\corretto-build\buildRoot\src\hotspot\src\share\vm\classfile\systemDictio

Events (10 events):
Event: 23.364 Thread 0x0000000002ff5800 DEOPT PACKING pc=0x00000000039c712c sp=0x0000000002fe7b50
Event: 23.364 Thread 0x0000000002ff5800 DEOPT UNPACKING pc=0x00000000031375d0 sp=0x0000000002fe7908 mode 1
Event: 23.365 loading class org/springframework/data/geo/GeoModule$DistanceMixin
Event: 23.365 loading class org/springframework/data/geo/GeoModule$DistanceMixin done
Event: 23.366 loading class org/springframework/data/geo/GeoModule$PointMixin
Event: 23.366 loading class org/springframework/data/geo/GeoModule$PointMixin done
Event: 23.366 loading class org/springframework/data/geo/GeoModule$BoxMixin
Event: 23.366 loading class org/springframework/data/geo/GeoModule$BoxMixin done
Event: 23.366 loading class org/springframework/data/geo/GeoModule$CircleMixin
Event: 23.366 loading class org/springframework/data/geo/GeoModule$CircleMixin done


Dynamic libraries:
0x00007ff62df00000 - 0x00007ff62df35000 	D:\Installed Programs\Amazon\Corretto\jdk1.8.0_212\bin\java.exe
0x00007ff9292a0000 - 0x00007ff929490000 	C:\WINDOWS\SYSTEM32\ntdll.dll
0x00007ff929100000 - 0x00007ff9291b2000 	C:\WINDOWS\System32\KERNEL32.DLL
0x00007ff926d30000 - 0x00007ff926fd3000 	C:\WINDOWS\System32\KERNELBASE.dll
0x00007ff927930000 - 0x00007ff9279d3000 	C:\WINDOWS\System32\ADVAPI32.dll
0x00007ff9291c0000 - 0x00007ff92925e000 	C:\WINDOWS\System32\msvcrt.dll
0x00007ff927350000 - 0x00007ff9273e7000 	C:\WINDOWS\System32\sechost.dll
0x00007ff928eb0000 - 0x00007ff928fd0000 	C:\WINDOWS\System32\RPCRT4.dll
0x00007ff928010000 - 0x00007ff9281a4000 	C:\WINDOWS\System32\USER32.dll
0x00007ff926d00000 - 0x00007ff926d21000 	C:\WINDOWS\System32\win32u.dll
0x00007ff929050000 - 0x00007ff929076000 	C:\WINDOWS\System32\GDI32.dll
0x00007ff926b60000 - 0x00007ff926cf4000 	C:\WINDOWS\System32\gdi32full.dll
0x00007ff927160000 - 0x00007ff9271fe000 	C:\WINDOWS\System32\msvcp_win.dll
0x00007ff926a00000 - 0x00007ff926afa000 	C:\WINDOWS\System32\ucrtbase.dll
0x00007ff912bb0000 - 0x00007ff912e35000 	C:\WINDOWS\WinSxS\amd64_microsoft.windows.common-controls_6595b64144ccf1df_6.0.18362.535_none_e6c3b34713100821\COMCTL32.dll
0x00007ff927a00000 - 0x00007ff927d36000 	C:\WINDOWS\System32\combase.dll
0x00007ff927090000 - 0x00007ff927110000 	C:\WINDOWS\System32\bcryptPrimitives.dll
0x00007ff927d40000 - 0x00007ff927d6e000 	C:\WINDOWS\System32\IMM32.DLL
0x00000000505d0000 - 0x00000000506a2000 	D:\Installed Programs\Amazon\Corretto\jdk1.8.0_212\jre\bin\msvcr100.dll
0x00000000766d0000 - 0x0000000076f1b000 	D:\Installed Programs\Amazon\Corretto\jdk1.8.0_212\jre\bin\server\jvm.dll
0x00007ff927630000 - 0x00007ff927638000 	C:\WINDOWS\System32\PSAPI.DLL
0x00007ff90e6b0000 - 0x00007ff90e6b9000 	C:\WINDOWS\SYSTEM32\WSOCK32.dll
0x00007ff91f480000 - 0x00007ff91f48a000 	C:\WINDOWS\SYSTEM32\VERSION.dll
0x00007ff923f50000 - 0x00007ff923f74000 	C:\WINDOWS\SYSTEM32\WINMM.dll
0x00007ff927fa0000 - 0x00007ff92800f000 	C:\WINDOWS\System32\WS2_32.dll
0x00007ff923f20000 - 0x00007ff923f4d000 	C:\WINDOWS\SYSTEM32\winmmbase.dll
0x00007ff927110000 - 0x00007ff92715a000 	C:\WINDOWS\System32\cfgmgr32.dll
0x00007ff91a3b0000 - 0x00007ff91a3bf000 	D:\Installed Programs\Amazon\Corretto\jdk1.8.0_212\jre\bin\verify.dll
0x00007ff906920000 - 0x00007ff906949000 	D:\Installed Programs\Amazon\Corretto\jdk1.8.0_212\jre\bin\java.dll
0x00007ff91d780000 - 0x00007ff91d7b5000 	D:\Installed Programs\Amazon\Corretto\jdk1.8.0_212\jre\bin\jdwp.dll
0x00007ff921ea0000 - 0x00007ff921ea8000 	D:\Installed Programs\Amazon\Corretto\jdk1.8.0_212\jre\bin\npt.dll
0x00007ff91a370000 - 0x00007ff91a386000 	D:\Installed Programs\Amazon\Corretto\jdk1.8.0_212\jre\bin\zip.dll
0x00007ff928350000 - 0x00007ff928a35000 	C:\WINDOWS\System32\SHELL32.dll
0x00007ff9273f0000 - 0x00007ff927499000 	C:\WINDOWS\System32\shcore.dll
0x00007ff926280000 - 0x00007ff9269ff000 	C:\WINDOWS\System32\windows.storage.dll
0x00007ff9261a0000 - 0x00007ff9261bf000 	C:\WINDOWS\System32\profapi.dll
0x00007ff9261e0000 - 0x00007ff92622a000 	C:\WINDOWS\System32\powrprof.dll
0x00007ff926170000 - 0x00007ff926180000 	C:\WINDOWS\System32\UMPDC.dll
0x00007ff927550000 - 0x00007ff9275a2000 	C:\WINDOWS\System32\shlwapi.dll
0x00007ff926180000 - 0x00007ff926191000 	C:\WINDOWS\System32\kernel.appcore.dll
0x00007ff926230000 - 0x00007ff926247000 	C:\WINDOWS\System32\cryptsp.dll
0x00007ff91d900000 - 0x00007ff91d909000 	D:\Installed Programs\Amazon\Corretto\jdk1.8.0_212\jre\bin\dt_socket.dll
0x00007ff9259e0000 - 0x00007ff925a47000 	C:\WINDOWS\system32\mswsock.dll
0x00007ff91a3a0000 - 0x00007ff91a3ad000 	D:\Installed Programs\Amazon\Corretto\jdk1.8.0_212\jre\bin\management.dll
0x00007ff91a210000 - 0x00007ff91a22a000 	D:\Installed Programs\Amazon\Corretto\jdk1.8.0_212\jre\bin\net.dll
0x00007ff918b70000 - 0x00007ff918d46000 	C:\WINDOWS\SYSTEM32\urlmon.dll
0x00007ff919190000 - 0x00007ff919436000 	C:\WINDOWS\SYSTEM32\iertutil.dll
0x00007ff925bb0000 - 0x00007ff925bbc000 	C:\WINDOWS\SYSTEM32\CRYPTBASE.DLL
0x00007ff922d30000 - 0x00007ff922d46000 	C:\WINDOWS\system32\napinsp.dll
0x00007ff91d740000 - 0x00007ff91d75a000 	C:\WINDOWS\system32\pnrpnsp.dll
0x00007ff925730000 - 0x00007ff9257fa000 	C:\WINDOWS\SYSTEM32\DNSAPI.dll
0x00007ff929040000 - 0x00007ff929048000 	C:\WINDOWS\System32\NSI.dll
0x00007ff9256f0000 - 0x00007ff92572a000 	C:\WINDOWS\SYSTEM32\IPHLPAPI.DLL
0x00007ff91d730000 - 0x00007ff91d73e000 	C:\WINDOWS\System32\winrnr.dll
0x00007ff9224d0000 - 0x00007ff9224ec000 	C:\WINDOWS\system32\NLAapi.dll
0x00007ff921380000 - 0x00007ff921395000 	C:\WINDOWS\system32\wshbth.dll
0x00007ff91fdd0000 - 0x00007ff91fdda000 	C:\Windows\System32\rasadhlp.dll
0x00007ff91fa00000 - 0x00007ff91fa77000 	C:\WINDOWS\System32\fwpuclnt.dll
0x00007ff926250000 - 0x00007ff926276000 	C:\WINDOWS\System32\bcrypt.dll
0x00007ff916d70000 - 0x00007ff916d82000 	D:\Installed Programs\Amazon\Corretto\jdk1.8.0_212\jre\bin\nio.dll
0x00007ff925550000 - 0x00007ff925583000 	C:\WINDOWS\system32\rsaenh.dll
0x00007ff926090000 - 0x00007ff9260b5000 	C:\WINDOWS\SYSTEM32\USERENV.dll
0x00007ff920240000 - 0x00007ff920256000 	C:\WINDOWS\SYSTEM32\dhcpcsvc6.DLL
0x00007ff920220000 - 0x00007ff92023c000 	C:\WINDOWS\SYSTEM32\dhcpcsvc.DLL
0x00007ff8dcc00000 - 0x00007ff8dcc24000 	D:\Installed Programs\Amazon\Corretto\jdk1.8.0_212\jre\bin\sunec.dll
0x00007ff916d30000 - 0x00007ff916d3b000 	D:\Installed Programs\Amazon\Corretto\jdk1.8.0_212\jre\bin\sunmscapi.dll
0x00007ff927200000 - 0x00007ff927349000 	C:\WINDOWS\System32\CRYPT32.dll
0x00007ff9261c0000 - 0x00007ff9261d2000 	C:\WINDOWS\System32\MSASN1.dll

VM Arguments:
jvm_args: -agentlib:jdwp=transport=dt_socket,server=n,address=55581 
java_command: darkpurple.hw2.Application
java_class_path (initial): D:\Projects\darkpurple_final\target\classes;C:\Users\Austin\.m2\repository\org\springframework\boot\spring-boot-starter-data-mongodb\2.1.8.RELEASE\spring-boot-starter-data-mongodb-2.1.8.RELEASE.jar;C:\Users\Austin\.m2\repository\org\springframework\boot\spring-boot-starter\2.1.8.RELEASE\spring-boot-starter-2.1.8.RELEASE.jar;C:\Users\Austin\.m2\repository\org\springframework\boot\spring-boot\2.1.8.RELEASE\spring-boot-2.1.8.RELEASE.jar;C:\Users\Austin\.m2\repository\org\springframework\boot\spring-boot-autoconfigure\2.1.8.RELEASE\spring-boot-autoconfigure-2.1.8.RELEASE.jar;C:\Users\Austin\.m2\repository\org\springframework\boot\spring-boot-starter-logging\2.1.8.RELEASE\spring-boot-starter-logging-2.1.8.RELEASE.jar;C:\Users\Austin\.m2\repository\ch\qos\logback\logback-classic\1.2.3\logback-classic-1.2.3.jar;C:\Users\Austin\.m2\repository\ch\qos\logback\logback-core\1.2.3\logback-core-1.2.3.jar;C:\Users\Austin\.m2\repository\org\apache\logging\log4j\log4j-to-slf4j\2.11.2\log4j-to-slf4j-2.11.2.jar;C:\Users\Austin\.m2\repository\org\apache\logging\log4j\log4j-api\2.11.2\log4j-api-2.11.2.jar;C:\Users\Austin\.m2\repository\org\slf4j\jul-to-slf4j\1.7.28\jul-to-slf4j-1.7.28.jar;C:\Users\Austin\.m2\repository\javax\annotation\javax.annotation-api\1.3.2\javax.annotation-api-1.3.2.jar;C:\Users\Austin\.m2\repository\org\yaml\snakeyaml\1.23\snakeyaml-1.23.jar;C:\Users\Austin\.m2\repository\org\mongodb\mongodb-driver\3.8.2\mongodb-driver-3.8.2.jar;C:\Users\Austin\.m2\repository\org\mongodb\bson\3.8.2\bson-3.8.2.jar;C:\Users\Austin\.m2\repository\org\mongodb\mongodb-driver-core\3.8.2\mongodb-driver-core-3.8.2.jar;C:\Users\Austin\.m2\repository\org\springframework\data\spring-data-mongodb\2.1.10.RELEASE\spring-data-mongodb-2.1.10.RELEASE.jar;C:\Users\Austin\.m2\repository\org\springframework\spring-tx\5.1.9.RELEASE\spring-tx-5.1.9.RELEASE.jar;C:\Users\Austin\.m2\repository\org\springframework\spring-expression\5.1.9.RELEASE\spring-expression-5.1.9.RELEASE
Launcher Type: SUN_STANDARD

Environment Variables:
JAVA_HOME=D:\Installed Programs\Amazon\Corretto\jdk1.8.0_212
PATH=C:\Program Files\Python38\Scripts\;C:\Program Files\Python38\;C:\Program Files (x86)\NVIDIA Corporation\PhysX\Common;D:\Installed Programs\Amazon\Corretto\jdk1.8.0_212\bin;C:\WINDOWS\system32;C:\WINDOWS;C:\WINDOWS\System32\Wbem;C:\WINDOWS\System32\WindowsPowerShell\v1.0\;C:\WINDOWS\System32\OpenSSH\;C:\Program Files\PuTTY\;C:\Program Files (x86)\PharosSystems\Core;C:\Program Files (x86)\NVIDIA Corporation\Cg\bin;C:\Program Files (x86)\NVIDIA Corporation\Cg\bin.x64;C:\Program Files\dotnet\;C:\Program Files\nodejs\;C:\Program Files (x86)\Yarn\bin\;C:\Program Files\Calibre2\;D:\Installed Programs\Git\cmd;C:\Users\Austin\AppData\Local\Microsoft\WindowsApps;C:\Users\Austin\AppData\Local\Programs\Microsoft VS Code\bin;D:\Win_Users\AppData\Roaming\npm;C:\Users\Austin\AppData\Local\Yarn\bin
USERNAME=Austin
OS=Windows_NT
PROCESSOR_IDENTIFIER=Intel64 Family 6 Model 158 Stepping 9, GenuineIntel



---------------  S Y S T E M  ---------------

OS: Windows 10.0 , 64 bit Build 18362 (10.0.18362.329)

CPU:total 8 (initial active 8) (4 cores per cpu, 2 threads per core) family 6 model 158 stepping 9, cmov, cx8, fxsr, mmx, sse, sse2, sse3, ssse3, sse4.1, sse4.2, popcnt, avx, avx2, aes, clmul, erms, rtm, 3dnowpref, lzcnt, ht, tsc, tscinvbit, bmi1, bmi2, adx

Memory: 4k page, physical 16714464k(3033876k free), swap 31288156k(4076k free)

vm_info: OpenJDK 64-Bit Server VM (25.212-b04) for windows-amd64 JRE (1.8.0_212-b04), built on Apr 20 2019 01:33:59 by "Administrator" with MS VC++ 10.0 (VS2010)

time: Fri Dec 13 20:36:26 2019
timezone: Eastern Standard Time
elapsed time: 23 seconds (0d 0h 0m 23s)

